+ set -e
+ aws s3 ls
2026-01-02 16:35:41 s0nakshi
2026-01-02 17:05:14 s0nakshi1
+ aws ec2 describe-instances --query 'Reservations[].Instances[].InstanceId' --output text
+ aws lambda list-functions
{
    "Functions": []
}
+ aws iam list-users
{
    "Users": []
}
+ set -e
+ aws s3 ls
2026-01-02 16:35:41 s0nakshi
2026-01-02 17:05:14 s0nakshi1
+ aws ec2 describe-instances --query 'Reservations[].Instances[].InstanceId' --output text
+ aws lambda list-functions
{
    "Functions": []
}
+ aws iam list-users
{
    "Users": []
}
+ set -e
+ aws s3 ls
2026-01-02 16:35:41 s0nakshi
2026-01-02 17:05:14 s0nakshi1
+ aws ec2 describe-instances --query 'Reservations[].Instances[].InstanceId' --output text
+ aws lambda list-functions
{
    "Functions": []
}
+ aws iam list-users
{
    "Users": []
}
+ set -e
+ aws s3 ls
2026-01-02 16:35:41 s0nakshi
2026-01-02 17:05:14 s0nakshi1
+ aws ec2 describe-instances --query 'Reservations[].Instances[].InstanceId' --output text
+ aws lambda list-functions
{
    "Functions": []
}
+ aws iam list-users
{
    "Users": []
}
+ set -e
+ aws s3 ls
2026-01-02 16:35:41 s0nakshi
2026-01-02 17:05:14 s0nakshi1
+ aws ec2 describe-instances --query 'Reservations[].Instances[].InstanceId' --output text
+ aws lambda list-functions
{
    "Functions": []
}
+ aws iam list-users
{
    "Users": []
}
+ set -e
+ aws s3 ls
2026-01-02 16:35:41 s0nakshi
2026-01-02 17:05:14 s0nakshi1
+ aws ec2 describe-instances --query 'Reservations[].Instances[].InstanceId' --output text
+ aws lambda list-functions
{
    "Functions": []
}
+ aws iam list-users
{
    "Users": []
}
+ set -e
+ aws s3 ls
2026-01-02 16:35:41 s0nakshi
2026-01-02 17:05:14 s0nakshi1
+ aws ec2 describe-instances --query 'Reservations[].Instances[].InstanceId' --output text
+ aws lambda list-functions
{
    "Functions": []
}
+ aws iam list-users
{
    "Users": []
}
+ set -e
+ aws s3 ls
2026-01-02 16:35:41 s0nakshi
2026-01-02 17:05:14 s0nakshi1
+ aws ec2 describe-instances --query 'Reservations[].Instances[].InstanceId' --output text
+ aws lambda list-functions
{
    "Functions": []
}
+ aws iam list-users
{
    "Users": []
}
+ set -e
+ aws s3 ls
2026-01-02 16:35:41 s0nakshi
2026-01-02 17:05:14 s0nakshi1
+ aws ec2 describe-instances --query 'Reservations[].Instances[].InstanceId' --output text
+ aws lambda list-functions
{
    "Functions": []
}
+ aws iam list-users
{
    "Users": []
}
+ set -e
+ aws s3 ls
2026-01-02 16:35:41 s0nakshi
2026-01-02 17:05:14 s0nakshi1
+ aws ec2 describe-instances --query 'Reservations[].Instances[].InstanceId' --output text
+ aws lambda list-functions
{
    "Functions": []
}
+ aws iam list-users
{
    "Users": []
}
+ set -e
+ aws s3 ls
2026-01-02 16:35:41 s0nakshi
2026-01-02 17:05:14 s0nakshi1
+ aws ec2 describe-instances --query 'Reservations[].Instances[].InstanceId' --output text
+ aws lambda list-functions
{
    "Functions": []
}
+ aws iam list-users
{
    "Users": []
}
+ set -e
+ aws s3 ls
2026-01-02 16:35:41 s0nakshi
2026-01-02 17:05:14 s0nakshi1
+ aws ec2 describe-instances --query 'Reservations[].Instances[].InstanceId' --output text
+ aws lambda list-functions
{
    "Functions": []
}
+ aws iam list-users
{
    "Users": []
}
+ set -e
+ aws s3 ls
2026-01-02 16:35:41 s0nakshi
2026-01-02 17:05:14 s0nakshi1
+ aws ec2 describe-instances --query 'Reservations[].Instances[].InstanceId' --output text
+ aws lambda list-functions
{
    "Functions": []
}
+ aws iam list-users
{
    "Users": []
}
+ set -e
+ aws s3 ls
2026-01-02 16:35:41 s0nakshi
2026-01-02 17:05:14 s0nakshi1
+ aws ec2 describe-instances --query 'Reservations[].Instances[].InstanceId' --output text
+ aws lambda list-functions
{
    "Functions": []
}
+ aws iam list-users
{
    "Users": []
}
+ set -e
+ aws s3 ls
2026-01-02 16:35:41 s0nakshi
2026-01-02 17:05:14 s0nakshi1
+ aws ec2 describe-instances --query 'Reservations[].Instances[].InstanceId' --output text
+ aws lambda list-functions
{
    "Functions": []
}
+ aws iam list-users
{
    "Users": []
}
+ set -e
+ aws s3 ls
2026-01-02 16:35:41 s0nakshi
2026-01-02 17:05:14 s0nakshi1
+ aws ec2 describe-instances --query 'Reservations[].Instances[].InstanceId' --output text
+ aws lambda list-functions
{
    "Functions": []
}
+ aws iam list-users
{
    "Users": []
}
+ set -e
+ aws s3 ls
2026-01-02 16:35:41 s0nakshi
2026-01-02 17:05:14 s0nakshi1
+ aws ec2 describe-instances --query 'Reservations[].Instances[].InstanceId' --output text
+ aws lambda list-functions
{
    "Functions": []
}
+ aws iam list-users
{
    "Users": []
}
+ set -e
+ aws s3 ls
2026-01-02 16:35:41 s0nakshi
2026-01-02 17:05:14 s0nakshi1
+ aws ec2 describe-instances --query 'Reservations[].Instances[].InstanceId' --output text
+ aws lambda list-functions
{
    "Functions": []
}
+ aws iam list-users
{
    "Users": []
}
+ set -e
+ aws s3 ls
2026-01-02 16:35:41 s0nakshi
2026-01-02 17:05:14 s0nakshi1
+ aws ec2 describe-instances --query 'Reservations[].Instances[].InstanceId' --output text
+ aws lambda list-functions
{
    "Functions": []
}
+ aws iam list-users
{
    "Users": []
}
+ set -e
+ aws s3 ls
2026-01-02 16:35:41 s0nakshi
2026-01-02 17:05:14 s0nakshi1
+ aws ec2 describe-instances --query 'Reservations[].Instances[].InstanceId' --output text
+ aws lambda list-functions
{
    "Functions": []
}
+ aws iam list-users
{
    "Users": []
}
